0 info it worked if it ends with ok
1 verbose cli [ 'E:\\Program Files\\nodejs\\node.exe',
1 verbose cli   'E:\\Program Files\\nodejs\\node_modules\\npm\\bin\\npm-cli.js',
1 verbose cli   'start' ]
2 info using npm@3.10.10
3 info using node@v6.10.0
4 verbose run-script [ 'prestart', 'start', 'poststart' ]
5 info lifecycle angular-io-example@1.0.0~prestart: angular-io-example@1.0.0
6 verbose lifecycle angular-io-example@1.0.0~prestart: unsafe-perm in lifecycle true
7 verbose lifecycle angular-io-example@1.0.0~prestart: PATH: E:\Program Files\nodejs\node_modules\npm\bin\node-gyp-bin;C:\Users\Milica\Desktop\IT255-DZ09\node_modules\.bin;C:\ProgramData\Oracle\Java\javapath;C:\WINDOWS\system32;C:\WINDOWS;C:\WINDOWS\System32\Wbem;C:\WINDOWS\System32\WindowsPowerShell\v1.0\;C:\cygwin\bin;C:\WINDOWS\system32\config\systemprofile\.dnx\bin;C:\Program Files\Microsoft DNX\Dnvm\;C:\Program Files (x86)\Windows Kits\10\Windows Performance Toolkit\;C:\Program Files (x86)\Brackets\command;E:\Program Files\010 Editor;E:\Program Files\nodejs\;E:\Program Files\Git\cmd;E:\Strawberry\c\bin;E:\Strawberry\perl\site\bin;E:\Strawberry\perl\bin;C:\Program Files (x86)\Skype\Phone\;C:\Users\Milica\AppData\Local\Microsoft\WindowsApps;C:\Users\Milica\AppData\Roaming\npm;C:\Users\Milica\AppData\Local\Programs\Python\Python36-32\
8 verbose lifecycle angular-io-example@1.0.0~prestart: CWD: C:\Users\Milica\Desktop\IT255-DZ09
9 silly lifecycle angular-io-example@1.0.0~prestart: Args: [ '/d /s /c', 'npm run build' ]
10 silly lifecycle angular-io-example@1.0.0~prestart: Returned: code: 0  signal: null
11 info lifecycle angular-io-example@1.0.0~start: angular-io-example@1.0.0
12 verbose lifecycle angular-io-example@1.0.0~start: unsafe-perm in lifecycle true
13 verbose lifecycle angular-io-example@1.0.0~start: PATH: E:\Program Files\nodejs\node_modules\npm\bin\node-gyp-bin;C:\Users\Milica\Desktop\IT255-DZ09\node_modules\.bin;C:\ProgramData\Oracle\Java\javapath;C:\WINDOWS\system32;C:\WINDOWS;C:\WINDOWS\System32\Wbem;C:\WINDOWS\System32\WindowsPowerShell\v1.0\;C:\cygwin\bin;C:\WINDOWS\system32\config\systemprofile\.dnx\bin;C:\Program Files\Microsoft DNX\Dnvm\;C:\Program Files (x86)\Windows Kits\10\Windows Performance Toolkit\;C:\Program Files (x86)\Brackets\command;E:\Program Files\010 Editor;E:\Program Files\nodejs\;E:\Program Files\Git\cmd;E:\Strawberry\c\bin;E:\Strawberry\perl\site\bin;E:\Strawberry\perl\bin;C:\Program Files (x86)\Skype\Phone\;C:\Users\Milica\AppData\Local\Microsoft\WindowsApps;C:\Users\Milica\AppData\Roaming\npm;C:\Users\Milica\AppData\Local\Programs\Python\Python36-32\
14 verbose lifecycle angular-io-example@1.0.0~start: CWD: C:\Users\Milica\Desktop\IT255-DZ09
15 silly lifecycle angular-io-example@1.0.0~start: Args: [ '/d /s /c',
15 silly lifecycle   'concurrently "npm run build:watch" "npm run serve"' ]
16 silly lifecycle angular-io-example@1.0.0~start: Returned: code: 1  signal: null
17 info lifecycle angular-io-example@1.0.0~start: Failed to exec start script
18 verbose stack Error: angular-io-example@1.0.0 start: `concurrently "npm run build:watch" "npm run serve"`
18 verbose stack Exit status 1
18 verbose stack     at EventEmitter.<anonymous> (E:\Program Files\nodejs\node_modules\npm\lib\utils\lifecycle.js:255:16)
18 verbose stack     at emitTwo (events.js:106:13)
18 verbose stack     at EventEmitter.emit (events.js:191:7)
18 verbose stack     at ChildProcess.<anonymous> (E:\Program Files\nodejs\node_modules\npm\lib\utils\spawn.js:40:14)
18 verbose stack     at emitTwo (events.js:106:13)
18 verbose stack     at ChildProcess.emit (events.js:191:7)
18 verbose stack     at maybeClose (internal/child_process.js:877:16)
18 verbose stack     at Process.ChildProcess._handle.onexit (internal/child_process.js:226:5)
19 verbose pkgid angular-io-example@1.0.0
20 verbose cwd C:\Users\Milica\Desktop\IT255-DZ09
21 error Windows_NT 10.0.14393
22 error argv "E:\\Program Files\\nodejs\\node.exe" "E:\\Program Files\\nodejs\\node_modules\\npm\\bin\\npm-cli.js" "start"
23 error node v6.10.0
24 error npm  v3.10.10
25 error code ELIFECYCLE
26 error angular-io-example@1.0.0 start: `concurrently "npm run build:watch" "npm run serve"`
26 error Exit status 1
27 error Failed at the angular-io-example@1.0.0 start script 'concurrently "npm run build:watch" "npm run serve"'.
27 error Make sure you have the latest version of node.js and npm installed.
27 error If you do, this is most likely a problem with the angular-io-example package,
27 error not with npm itself.
27 error Tell the author that this fails on your system:
27 error     concurrently "npm run build:watch" "npm run serve"
27 error You can get information on how to open an issue for this project with:
27 error     npm bugs angular-io-example
27 error Or if that isn't available, you can get their info via:
27 error     npm owner ls angular-io-example
27 error There is likely additional logging output above.
28 verbose exit [ 1, true ]
